app/build/intermediates/manifest_merge_blame_file/debug/manifest-merger-blame-debug-report.txt
1<?xml version="1.0" encoding="utf-8"?>
2<manifest xmlns:android="http://schemas.android.com/apk/res/android"
3    package="com.example.happyness"
4    android:versionCode="1"
5    android:versionName="1.0" >
6
7    <uses-sdk
8        android:minSdkVersion="16"
8-->src\main\AndroidManifest.xml
9        android:targetSdkVersion="30" />
9-->src\main\AndroidManifest.xml
10
11    <uses-permission android:name="android.permission.INTERNET" />
11-->src\main\AndroidManifest.xml:5:5-83
11-->src\main\AndroidManifest.xml:5:22-64
12    <uses-permission android:name="android.permission.WRITE_EXTERNAL_STORAGE" />
12-->src\main\AndroidManifest.xml:6:5-97
12-->src\main\AndroidManifest.xml:6:22-78
13    <uses-permission android:name="android.permission.READ_EXTERNAL_STORAGE" />
13-->src\main\AndroidManifest.xml:7:5-80
13-->src\main\AndroidManifest.xml:7:22-77
14    <uses-permission android:name="android.permission.ACCESS_NETWORK_STATE" />
14-->src\main\AndroidManifest.xml:8:5-79
14-->src\main\AndroidManifest.xml:8:22-76
15    <uses-permission android:name="android.permission.ACCESS_WIFI_STATE" />
15-->src\main\AndroidManifest.xml:9:5-75
15-->src\main\AndroidManifest.xml:9:22-73
16
17    <application
17-->src\main\AndroidManifest.xml:11:5-33:19
18        android:allowBackup="true"
18-->src\main\AndroidManifest.xml:12:9-35
19        android:appComponentFactory="androidx.core.app.CoreComponentFactory"
19-->[androidx.core:core:1.3.1] AndroidManifest.xml:24:18-86
20        android:debuggable="true"
21        android:icon="@mipmap/ic_launcher"
21-->src\main\AndroidManifest.xml:13:9-43
22        android:label="@string/app_name"
22-->src\main\AndroidManifest.xml:14:9-41
23        android:roundIcon="@mipmap/ic_launcher_round"
23-->src\main\AndroidManifest.xml:15:9-54
24        android:supportsRtl="true"
24-->src\main\AndroidManifest.xml:16:9-35
25        android:testOnly="true"
26        android:theme="@style/Theme.Happyness" >
26-->src\main\AndroidManifest.xml:17:9-47
27        <activity android:name="com.example.happyness.ChamskoActivity" />
27-->src\main\AndroidManifest.xml:18:9-62
27-->src\main\AndroidManifest.xml:18:19-50
28        <activity android:name="com.example.happyness.FabrykamemowActivity" />
28-->src\main\AndroidManifest.xml:19:9-67
28-->src\main\AndroidManifest.xml:19:19-55
29        <activity android:name="com.example.happyness.JbzdActivity" />
29-->src\main\AndroidManifest.xml:20:9-59
29-->src\main\AndroidManifest.xml:20:19-47
30        <activity android:name="com.example.happyness.KwejkActivity" />
30-->src\main\AndroidManifest.xml:21:9-60
30-->src\main\AndroidManifest.xml:21:19-48
31        <activity android:name="com.example.happyness.RepostujActivity" />
31-->src\main\AndroidManifest.xml:22:9-63
31-->src\main\AndroidManifest.xml:22:19-51
32        <activity android:name="com.example.happyness.MainActivity" >
32-->src\main\AndroidManifest.xml:23:9-29:20
32-->src\main\AndroidManifest.xml:23:19-47
33            <intent-filter>
33-->src\main\AndroidManifest.xml:24:13-28:29
34                <action android:name="android.intent.action.MAIN" />
34-->src\main\AndroidManifest.xml:25:17-69
34-->src\main\AndroidManifest.xml:25:25-66
35
36                <category android:name="android.intent.category.LAUNCHER" />
36-->src\main\AndroidManifest.xml:27:17-77
36-->src\main\AndroidManifest.xml:27:27-74
37            </intent-filter>
38        </activity>
39
40        <meta-data
40-->src\main\AndroidManifest.xml:30:9-32:57
41            android:name="preloaded_fonts"
41-->src\main\AndroidManifest.xml:31:13-43
42            android:resource="@array/preloaded_fonts" />
42-->src\main\AndroidManifest.xml:32:13-54
43
44        <provider
44-->[com.squareup.picasso:picasso:2.71828] AndroidManifest.xml:8:9-11:40
45            android:name="com.squareup.picasso.PicassoProvider"
45-->[com.squareup.picasso:picasso:2.71828] AndroidManifest.xml:9:13-64
46            android:authorities="com.example.happyness.com.squareup.picasso"
46-->[com.squareup.picasso:picasso:2.71828] AndroidManifest.xml:10:13-72
47            android:exported="false" />
47-->[com.squareup.picasso:picasso:2.71828] AndroidManifest.xml:11:13-37
48    </application>
49
50</manifest>